Using pre-set license
Built from '2020.3/staging' branch; Version is '2020.3.14f1 (d0d1bb862f9d) revision 13685179'; Using compiler version '192528614'; Build Type 'Release'
OS: 'Windows 10 Education; OS build 19043.2364; Version 2009; 64bit' Language: 'en' Physical Memory: 16222 MB
BatchMode: 1, IsHumanControllingUs: 0, StartBugReporterOnCrash: 0, Is64bit: 1, IsPro: 0

 COMMAND LINE ARGUMENTS:
C:\Program Files\Unity\Hub\Editor\2020.3.14f1\Editor\Unity.exe
-adb2
-batchMode
-noUpm
-name
AssetImportWorker0
-projectPath
C:/Users/OBGardner/Roguelike
-logFile
Logs/AssetImportWorker0.log
-srvPort
56531
Successfully changed project path to: C:/Users/OBGardner/Roguelike
C:/Users/OBGardner/Roguelike
Using Asset Import Pipeline V2.
Refreshing native plugins compatible for Editor in 36.23 ms, found 3 plugins.
Preloading 0 native plugins for Editor in 0.00 ms.
Initialize engine version: 2020.3.14f1 (d0d1bb862f9d)
[Subsystems] Discovering subsystems at path C:/Program Files/Unity/Hub/Editor/2020.3.14f1/Editor/Data/Resources/UnitySubsystems
[Subsystems] Discovering subsystems at path C:/Users/OBGardner/Roguelike/Assets
GfxDevice: creating device client; threaded=0
Direct3D:
    Version:  Direct3D 11.0 [level 11.1]
    Renderer: NVIDIA Quadro P1000 (ID=0x1cb1)
    Vendor:   
    VRAM:     4019 MB
    Driver:   27.21.14.5256
Initialize mono
Mono path[0] = 'C:/Program Files/Unity/Hub/Editor/2020.3.14f1/Editor/Data/Managed'
Mono path[1] = 'C:/Program Files/Unity/Hub/Editor/2020.3.14f1/Editor/Data/MonoBleedingEdge/lib/mono/unityjit'
Mono config path = 'C:/Program Files/Unity/Hub/Editor/2020.3.14f1/Editor/Data/MonoBleedingEdge/etc'
Using monoOptions --debugger-agent=transport=dt_socket,embedding=1,server=y,suspend=n,address=127.0.0.1:56356
Begin MonoManager ReloadAssembly
Registering precompiled unity dll's ...
Register platform support module: C:/Program Files/Unity/Hub/Editor/2020.3.14f1/Editor/Data/PlaybackEngines/WindowsStandaloneSupport/UnityEditor.WindowsStandalone.Extensions.dll
Registered in 0.001734 seconds.
Native extension for WindowsStandalone target not found
Refreshing native plugins compatible for Editor in 35.43 ms, found 3 plugins.
Preloading 0 native plugins for Editor in 0.00 ms.
Mono: successfully reloaded assembly
- Completed reload, in  0.927 seconds
Domain Reload Profiling:
	ReloadAssembly (927ms)
		BeginReloadAssembly (43ms)
			ExecutionOrderSort (0ms)
			DisableScriptedObjects (0ms)
			BackupInstance (0ms)
			ReleaseScriptingObjects (0ms)
			CreateAndSetChildDomain (1ms)
		EndReloadAssembly (381ms)
			LoadAssemblies (42ms)
			RebuildTransferFunctionScriptingTraits (0ms)
			SetupTypeCache (139ms)
			ReleaseScriptCaches (0ms)
			RebuildScriptCaches (27ms)
			SetupLoadedEditorAssemblies (157ms)
				LogAssemblyErrors (0ms)
				InitializePlatformSupportModulesInManaged (3ms)
				SetLoadedEditorAssemblies (0ms)
				RefreshPlugins (36ms)
				BeforeProcessingInitializeOnLoad (8ms)
				ProcessInitializeOnLoadAttributes (78ms)
				ProcessInitializeOnLoadMethodAttributes (31ms)
				AfterProcessingInitializeOnLoad (0ms)
				EditorAssembliesLoaded (0ms)
			ExecutionOrderSort2 (0ms)
			AwakeInstancesAfterBackupRestoration (0ms)
Platform modules already initialized, skipping
Registering precompiled user dll's ...
Registered in 0.004534 seconds.
Begin MonoManager ReloadAssembly
Native extension for WindowsStandalone target not found
Refreshing native plugins compatible for Editor in 34.68 ms, found 3 plugins.
Preloading 0 native plugins for Editor in 0.00 ms.
Mono: successfully reloaded assembly
- Completed reload, in  0.936 seconds
Domain Reload Profiling:
	ReloadAssembly (936ms)
		BeginReloadAssembly (119ms)
			ExecutionOrderSort (0ms)
			DisableScriptedObjects (4ms)
			BackupInstance (0ms)
			ReleaseScriptingObjects (0ms)
			CreateAndSetChildDomain (15ms)
		EndReloadAssembly (766ms)
			LoadAssemblies (81ms)
			RebuildTransferFunctionScriptingTraits (0ms)
			SetupTypeCache (259ms)
			ReleaseScriptCaches (0ms)
			RebuildScriptCaches (43ms)
			SetupLoadedEditorAssemblies (275ms)
				LogAssemblyErrors (0ms)
				InitializePlatformSupportModulesInManaged (3ms)
				SetLoadedEditorAssemblies (0ms)
				RefreshPlugins (35ms)
				BeforeProcessingInitializeOnLoad (52ms)
				ProcessInitializeOnLoadAttributes (170ms)
				ProcessInitializeOnLoadMethodAttributes (10ms)
				AfterProcessingInitializeOnLoad (5ms)
				EditorAssembliesLoaded (0ms)
			ExecutionOrderSort2 (0ms)
			AwakeInstancesAfterBackupRestoration (5ms)
Platform modules already initialized, skipping
========================================================================
Worker process is ready to serve import requests
Launched and connected shader compiler UnityShaderCompiler.exe after 0.06 seconds
Refreshing native plugins compatible for Editor in 0.40 ms, found 3 plugins.
Preloading 0 native plugins for Editor in 0.00 ms.
Unloading 2094 Unused Serialized files (Serialized files now loaded: 0)
System memory in use before: 93.5 MB.
System memory in use after: 93.5 MB.

Unloading 32 unused Assets to reduce memory usage. Loaded Objects now: 2530.
Total: 2.667900 ms (FindLiveObjects: 0.255500 ms CreateObjectMapping: 0.194200 ms MarkObjects: 2.099800 ms  DeleteObjects: 0.117500 ms)

AssetImportParameters requested are different than current active one (requested -> active):
  custom:framework-win-MediaFoundation: 216162199b28c13a410421893ffa2e32 -> 
  custom:video-decoder-ogg-theora: a1e56fd34408186e4bbccfd4996cb3dc -> 
  custom:container-muxer-webm: aa71ff27fc2769a1b78a27578f13a17b -> 
  custom:container-demuxer-webm: 4f35f7cbe854078d1ac9338744f61a02 -> 
  custom:container-demuxer-ogg: 62fdf1f143b41e24485cea50d1cbac27 -> 
  custom:video-encoder-webm-vp8: eb34c28f22e8b96e1ab97ce403110664 -> 
  custom:video-decoder-webm-vp8: 9c59270c3fd7afecdb556c50c9e8de78 -> 
  custom:audio-decoder-ogg-vorbis: bf7c407c2cedff20999df2af8eb42d56 -> 
  custom:audio-encoder-webm-vorbis: bf7c407c2cedff20999df2af8eb42d56 -> 
========================================================================
Received Import Request.
  path: Assets/Prefabs/B.prefab
  artifactKey: Guid(2105902a5b9497f4f8e6debf227ac138) Importer(815301076,1909f56bfc062723c751e8b465ee728b)
Start importing Assets/Prefabs/B.prefab using Guid(2105902a5b9497f4f8e6debf227ac138) Importer(815301076,1909f56bfc062723c751e8b465ee728b)  -> (artifact id: 'afe8d15f7c46a90de9416df3663d153f') in 0.131660 seconds 
  Import took 0.134587 seconds .

========================================================================
Received Import Request.
  Time since last request: 0.000184 seconds.
  path: Assets/Prefabs/LR.prefab
  artifactKey: Guid(c9518fddab9921444b82e86f3d8a9eec) Importer(815301076,1909f56bfc062723c751e8b465ee728b)
Start importing Assets/Prefabs/LR.prefab using Guid(c9518fddab9921444b82e86f3d8a9eec) Importer(815301076,1909f56bfc062723c751e8b465ee728b)  -> (artifact id: 'c60fe680df90fa086bc303f14a65df25') in 0.012684 seconds 
  Import took 0.015552 seconds .

========================================================================
Received Import Request.
  Time since last request: 0.000177 seconds.
  path: Assets/Prefabs/LB.prefab
  artifactKey: Guid(96cbb82819b10f14eb4a551f8048e96c) Importer(815301076,1909f56bfc062723c751e8b465ee728b)
Start importing Assets/Prefabs/LB.prefab using Guid(96cbb82819b10f14eb4a551f8048e96c) Importer(815301076,1909f56bfc062723c751e8b465ee728b)  -> (artifact id: '114a133500f2374ee9973611f8e55144') in 0.013564 seconds 
  Import took 0.017113 seconds .

========================================================================
Received Import Request.
  Time since last request: 0.000222 seconds.
  path: Assets/Prefabs/RB.prefab
  artifactKey: Guid(b3f2b155bf508e94cacdaa0c831817ee) Importer(815301076,1909f56bfc062723c751e8b465ee728b)
Start importing Assets/Prefabs/RB.prefab using Guid(b3f2b155bf508e94cacdaa0c831817ee) Importer(815301076,1909f56bfc062723c751e8b465ee728b)  -> (artifact id: '4eabc807450af127884bee1fe04113a4') in 0.011862 seconds 
  Import took 0.015255 seconds .

========================================================================
Received Import Request.
  Time since last request: 0.000238 seconds.
  path: Assets/Prefabs/TB.prefab
  artifactKey: Guid(0c31457eebf9a2d4a972d7ccf023a560) Importer(815301076,1909f56bfc062723c751e8b465ee728b)
Start importing Assets/Prefabs/TB.prefab using Guid(0c31457eebf9a2d4a972d7ccf023a560) Importer(815301076,1909f56bfc062723c751e8b465ee728b)  -> (artifact id: '86ce8a740f2e53676c926b25cdc01b11') in 0.014254 seconds 
  Import took 0.017826 seconds .

========================================================================
Received Import Request.
  Time since last request: 0.000213 seconds.
  path: Assets/Prefabs/TR.prefab
  artifactKey: Guid(f19b4cd5436954c41adbd492ce5a8785) Importer(815301076,1909f56bfc062723c751e8b465ee728b)
Start importing Assets/Prefabs/TR.prefab using Guid(f19b4cd5436954c41adbd492ce5a8785) Importer(815301076,1909f56bfc062723c751e8b465ee728b)  -> (artifact id: '003da4303abfdd4f49e5be74007fafe5') in 0.011945 seconds 
  Import took 0.015369 seconds .

========================================================================
Received Import Request.
  Time since last request: 0.000283 seconds.
  path: Assets/Prefabs/L.prefab
  artifactKey: Guid(8a1fe1e76eaa4da42ab7a95609601343) Importer(815301076,1909f56bfc062723c751e8b465ee728b)
Start importing Assets/Prefabs/L.prefab using Guid(8a1fe1e76eaa4da42ab7a95609601343) Importer(815301076,1909f56bfc062723c751e8b465ee728b)  -> (artifact id: 'c4367b7a5cc933283895b3850dd8a250') in 0.011736 seconds 
  Import took 0.014775 seconds .

========================================================================
Received Import Request.
  Time since last request: 0.000226 seconds.
  path: Assets/Prefabs/Enemy.prefab
  artifactKey: Guid(b0fa1015b07a8ca418cbef6243828be8) Importer(815301076,1909f56bfc062723c751e8b465ee728b)
Start importing Assets/Prefabs/Enemy.prefab using Guid(b0fa1015b07a8ca418cbef6243828be8) Importer(815301076,1909f56bfc062723c751e8b465ee728b)  -> (artifact id: 'cdf6095b08032cea308520d65161fd54') in 0.010273 seconds 
  Import took 0.014254 seconds .

========================================================================
Received Import Request.
  Time since last request: 0.000174 seconds.
  path: Assets/Prefabs/TL.prefab
  artifactKey: Guid(8d3b3801dbf17644ea3541d229fa3c26) Importer(815301076,1909f56bfc062723c751e8b465ee728b)
Start importing Assets/Prefabs/TL.prefab using Guid(8d3b3801dbf17644ea3541d229fa3c26) Importer(815301076,1909f56bfc062723c751e8b465ee728b)  -> (artifact id: '5b4050f1123b36f258d1553c1ef4f1dc') in 0.012236 seconds 
  Import took 0.015226 seconds .

========================================================================
Received Import Request.
  Time since last request: 0.000216 seconds.
  path: Assets/Prefabs/T.prefab
  artifactKey: Guid(a7aa1a0389616d547a34e34827992b7c) Importer(815301076,1909f56bfc062723c751e8b465ee728b)
Start importing Assets/Prefabs/T.prefab using Guid(a7aa1a0389616d547a34e34827992b7c) Importer(815301076,1909f56bfc062723c751e8b465ee728b)  -> (artifact id: '660d06ac8d345f5456d1c9555be99328') in 0.013083 seconds 
  Import took 0.016408 seconds .

========================================================================
Received Import Request.
  Time since last request: 0.000244 seconds.
  path: Assets/Prefabs/R.prefab
  artifactKey: Guid(5bfb28fdf883df24f9ccc648eb33f0bc) Importer(815301076,1909f56bfc062723c751e8b465ee728b)
Start importing Assets/Prefabs/R.prefab using Guid(5bfb28fdf883df24f9ccc648eb33f0bc) Importer(815301076,1909f56bfc062723c751e8b465ee728b)  -> (artifact id: 'fdceddb1ffee791ec0cb61021a9f4f21') in 0.011450 seconds 
  Import took 0.014497 seconds .

========================================================================
Received Import Request.
  Time since last request: 81.386567 seconds.
  path: Assets/Scripts/BossPortal.cs
  artifactKey: Guid(d6f7156383032474f93495d7080398bc) Importer(815301076,1909f56bfc062723c751e8b465ee728b)
Start importing Assets/Scripts/BossPortal.cs using Guid(d6f7156383032474f93495d7080398bc) Importer(815301076,1909f56bfc062723c751e8b465ee728b)  -> (artifact id: '826946787bc6385e38fe033cd39e5573') in 0.033100 seconds 
  Import took 0.035978 seconds .

========================================================================
Received Prepare
Registering precompiled user dll's ...
Registered in 0.002962 seconds.
Begin MonoManager ReloadAssembly
Native extension for WindowsStandalone target not found
Refreshing native plugins compatible for Editor in 0.43 ms, found 3 plugins.
Preloading 0 native plugins for Editor in 0.00 ms.
Mono: successfully reloaded assembly
- Completed reload, in  1.103 seconds
Domain Reload Profiling:
	ReloadAssembly (1103ms)
		BeginReloadAssembly (98ms)
			ExecutionOrderSort (0ms)
			DisableScriptedObjects (5ms)
			BackupInstance (0ms)
			ReleaseScriptingObjects (0ms)
			CreateAndSetChildDomain (30ms)
		EndReloadAssembly (955ms)
			LoadAssemblies (106ms)
			RebuildTransferFunctionScriptingTraits (0ms)
			SetupTypeCache (277ms)
			ReleaseScriptCaches (1ms)
			RebuildScriptCaches (36ms)
			SetupLoadedEditorAssemblies (309ms)
				LogAssemblyErrors (0ms)
				InitializePlatformSupportModulesInManaged (4ms)
				SetLoadedEditorAssemblies (0ms)
				RefreshPlugins (0ms)
				BeforeProcessingInitializeOnLoad (53ms)
				ProcessInitializeOnLoadAttributes (235ms)
				ProcessInitializeOnLoadMethodAttributes (7ms)
				AfterProcessingInitializeOnLoad (8ms)
				EditorAssembliesLoaded (0ms)
			ExecutionOrderSort2 (0ms)
			AwakeInstancesAfterBackupRestoration (27ms)
Platform modules already initialized, skipping
Refreshing native plugins compatible for Editor in 0.42 ms, found 3 plugins.
Preloading 0 native plugins for Editor in 0.00 ms.
Unloading 2089 Unused Serialized files (Serialized files now loaded: 0)
System memory in use before: 96.4 MB.
System memory in use after: 96.4 MB.

Unloading 20 unused Assets to reduce memory usage. Loaded Objects now: 2542.
Total: 2.063700 ms (FindLiveObjects: 0.170300 ms CreateObjectMapping: 0.085900 ms MarkObjects: 1.732000 ms  DeleteObjects: 0.074400 ms)

AssetImportParameters requested are different than current active one (requested -> active):
  custom:framework-win-MediaFoundation: 216162199b28c13a410421893ffa2e32 -> 
  custom:video-decoder-ogg-theora: a1e56fd34408186e4bbccfd4996cb3dc -> 
  custom:container-muxer-webm: aa71ff27fc2769a1b78a27578f13a17b -> 
  custom:container-demuxer-webm: 4f35f7cbe854078d1ac9338744f61a02 -> 
  custom:container-demuxer-ogg: 62fdf1f143b41e24485cea50d1cbac27 -> 
  custom:video-encoder-webm-vp8: eb34c28f22e8b96e1ab97ce403110664 -> 
  custom:video-decoder-webm-vp8: 9c59270c3fd7afecdb556c50c9e8de78 -> 
  custom:audio-decoder-ogg-vorbis: bf7c407c2cedff20999df2af8eb42d56 -> 
  custom:audio-encoder-webm-vorbis: bf7c407c2cedff20999df2af8eb42d56 -> 
========================================================================
Received Prepare
Registering precompiled user dll's ...
Registered in 0.003194 seconds.
Begin MonoManager ReloadAssembly
Native extension for WindowsStandalone target not found
Refreshing native plugins compatible for Editor in 0.43 ms, found 3 plugins.
Preloading 0 native plugins for Editor in 0.00 ms.
Mono: successfully reloaded assembly
- Completed reload, in  0.883 seconds
Domain Reload Profiling:
	ReloadAssembly (884ms)
		BeginReloadAssembly (105ms)
			ExecutionOrderSort (0ms)
			DisableScriptedObjects (5ms)
			BackupInstance (0ms)
			ReleaseScriptingObjects (0ms)
			CreateAndSetChildDomain (30ms)
		EndReloadAssembly (727ms)
			LoadAssemblies (80ms)
			RebuildTransferFunctionScriptingTraits (0ms)
			SetupTypeCache (262ms)
			ReleaseScriptCaches (1ms)
			RebuildScriptCaches (36ms)
			SetupLoadedEditorAssemblies (255ms)
				LogAssemblyErrors (0ms)
				InitializePlatformSupportModulesInManaged (4ms)
				SetLoadedEditorAssemblies (0ms)
				RefreshPlugins (0ms)
				BeforeProcessingInitializeOnLoad (55ms)
				ProcessInitializeOnLoadAttributes (184ms)
				ProcessInitializeOnLoadMethodAttributes (7ms)
				AfterProcessingInitializeOnLoad (4ms)
				EditorAssembliesLoaded (0ms)
			ExecutionOrderSort2 (0ms)
			AwakeInstancesAfterBackupRestoration (9ms)
Platform modules already initialized, skipping
Refreshing native plugins compatible for Editor in 0.67 ms, found 3 plugins.
Preloading 0 native plugins for Editor in 0.00 ms.
Unloading 2089 Unused Serialized files (Serialized files now loaded: 0)
System memory in use before: 96.5 MB.
System memory in use after: 96.5 MB.

Unloading 20 unused Assets to reduce memory usage. Loaded Objects now: 2546.
Total: 2.630200 ms (FindLiveObjects: 0.188000 ms CreateObjectMapping: 0.074900 ms MarkObjects: 2.277300 ms  DeleteObjects: 0.088600 ms)

AssetImportParameters requested are different than current active one (requested -> active):
  custom:framework-win-MediaFoundation: 216162199b28c13a410421893ffa2e32 -> 
  custom:video-decoder-ogg-theora: a1e56fd34408186e4bbccfd4996cb3dc -> 
  custom:container-muxer-webm: aa71ff27fc2769a1b78a27578f13a17b -> 
  custom:container-demuxer-webm: 4f35f7cbe854078d1ac9338744f61a02 -> 
  custom:container-demuxer-ogg: 62fdf1f143b41e24485cea50d1cbac27 -> 
  custom:video-encoder-webm-vp8: eb34c28f22e8b96e1ab97ce403110664 -> 
  custom:video-decoder-webm-vp8: 9c59270c3fd7afecdb556c50c9e8de78 -> 
  custom:audio-decoder-ogg-vorbis: bf7c407c2cedff20999df2af8eb42d56 -> 
  custom:audio-encoder-webm-vorbis: bf7c407c2cedff20999df2af8eb42d56 -> 
========================================================================
Received Prepare
Refreshing native plugins compatible for Editor in 3.34 ms, found 3 plugins.
Preloading 0 native plugins for Editor in 0.00 ms.
Unloading 18 Unused Serialized files (Serialized files now loaded: 0)
System memory in use before: 55.6 MB.
System memory in use after: 55.6 MB.

Unloading 18 unused Assets to reduce memory usage. Loaded Objects now: 2546.
Total: 2.236100 ms (FindLiveObjects: 0.173400 ms CreateObjectMapping: 0.076500 ms MarkObjects: 1.904700 ms  DeleteObjects: 0.080400 ms)

AssetImportParameters requested are different than current active one (requested -> active):
  custom:framework-win-MediaFoundation: 216162199b28c13a410421893ffa2e32 -> 
  custom:video-decoder-ogg-theora: a1e56fd34408186e4bbccfd4996cb3dc -> 
  custom:container-muxer-webm: aa71ff27fc2769a1b78a27578f13a17b -> 
  custom:container-demuxer-webm: 4f35f7cbe854078d1ac9338744f61a02 -> 
  custom:container-demuxer-ogg: 62fdf1f143b41e24485cea50d1cbac27 -> 
  custom:video-encoder-webm-vp8: eb34c28f22e8b96e1ab97ce403110664 -> 
  custom:video-decoder-webm-vp8: 9c59270c3fd7afecdb556c50c9e8de78 -> 
  custom:audio-decoder-ogg-vorbis: bf7c407c2cedff20999df2af8eb42d56 -> 
  custom:audio-encoder-webm-vorbis: bf7c407c2cedff20999df2af8eb42d56 -> 
========================================================================
Received Import Request.
  Time since last request: 295.652337 seconds.
  path: Assets/Prefabs/Boss.prefab
  artifactKey: Guid(09e14c596e782a742829f1166838514d) Importer(815301076,1909f56bfc062723c751e8b465ee728b)
Start importing Assets/Prefabs/Boss.prefab using Guid(09e14c596e782a742829f1166838514d) Importer(815301076,1909f56bfc062723c751e8b465ee728b)  -> (artifact id: '5faadc8985fded3d4fe0abb400ca80b8') in 0.063166 seconds 
  Import took 0.068159 seconds .

========================================================================
Received Import Request.
  Time since last request: 19.997941 seconds.
  path: Assets/Prefabs/Boss.prefab
  artifactKey: Guid(09e14c596e782a742829f1166838514d) Importer(815301076,1909f56bfc062723c751e8b465ee728b)
Start importing Assets/Prefabs/Boss.prefab using Guid(09e14c596e782a742829f1166838514d) Importer(815301076,1909f56bfc062723c751e8b465ee728b)  -> (artifact id: '701f0c1dbe2c310d50eac615b9272b82') in 0.017416 seconds 
  Import took 0.020923 seconds .

========================================================================
Received Import Request.
  Time since last request: 3.792429 seconds.
  path: Assets/Prefabs/Boss.prefab
  artifactKey: Guid(09e14c596e782a742829f1166838514d) Importer(815301076,1909f56bfc062723c751e8b465ee728b)
Start importing Assets/Prefabs/Boss.prefab using Guid(09e14c596e782a742829f1166838514d) Importer(815301076,1909f56bfc062723c751e8b465ee728b)  -> (artifact id: '6a83ab0a61462e611b4047c63a9dadd8') in 0.016181 seconds 
  Import took 0.020080 seconds .

========================================================================
Received Import Request.
  Time since last request: 1.680709 seconds.
  path: Assets/Prefabs/Boss.prefab
  artifactKey: Guid(09e14c596e782a742829f1166838514d) Importer(815301076,1909f56bfc062723c751e8b465ee728b)
Start importing Assets/Prefabs/Boss.prefab using Guid(09e14c596e782a742829f1166838514d) Importer(815301076,1909f56bfc062723c751e8b465ee728b)  -> (artifact id: '6c533b816efdd9be6fd89d4172e2d240') in 0.021234 seconds 
  Import took 0.026587 seconds .

========================================================================
Received Prepare
Refreshing native plugins compatible for Editor in 3.01 ms, found 3 plugins.
Preloading 0 native plugins for Editor in 0.00 ms.
Unloading 18 Unused Serialized files (Serialized files now loaded: 0)
System memory in use before: 55.6 MB.
System memory in use after: 55.7 MB.

Unloading 18 unused Assets to reduce memory usage. Loaded Objects now: 2547.
Total: 2.985500 ms (FindLiveObjects: 0.167500 ms CreateObjectMapping: 0.073700 ms MarkObjects: 2.648300 ms  DeleteObjects: 0.095000 ms)

AssetImportParameters requested are different than current active one (requested -> active):
  custom:framework-win-MediaFoundation: 216162199b28c13a410421893ffa2e32 -> 
  custom:video-decoder-ogg-theora: a1e56fd34408186e4bbccfd4996cb3dc -> 
  custom:container-muxer-webm: aa71ff27fc2769a1b78a27578f13a17b -> 
  custom:container-demuxer-webm: 4f35f7cbe854078d1ac9338744f61a02 -> 
  custom:container-demuxer-ogg: 62fdf1f143b41e24485cea50d1cbac27 -> 
  custom:video-encoder-webm-vp8: eb34c28f22e8b96e1ab97ce403110664 -> 
  custom:video-decoder-webm-vp8: 9c59270c3fd7afecdb556c50c9e8de78 -> 
  custom:audio-decoder-ogg-vorbis: bf7c407c2cedff20999df2af8eb42d56 -> 
  custom:audio-encoder-webm-vorbis: bf7c407c2cedff20999df2af8eb42d56 -> 
========================================================================
Received Import Request.
  Time since last request: 80.130332 seconds.
  path: Assets/Prefabs/Boss.prefab
  artifactKey: Guid(09e14c596e782a742829f1166838514d) Importer(815301076,1909f56bfc062723c751e8b465ee728b)
Start importing Assets/Prefabs/Boss.prefab using Guid(09e14c596e782a742829f1166838514d) Importer(815301076,1909f56bfc062723c751e8b465ee728b)  -> (artifact id: '1b6d7ef542d60fdc483145dce0137d8c') in 0.027986 seconds 
  Import took 0.033841 seconds .

========================================================================
Received Import Request.
  Time since last request: 11.845924 seconds.
  path: Assets/Prefabs/Boss.prefab
  artifactKey: Guid(09e14c596e782a742829f1166838514d) Importer(815301076,1909f56bfc062723c751e8b465ee728b)
Start importing Assets/Prefabs/Boss.prefab using Guid(09e14c596e782a742829f1166838514d) Importer(815301076,1909f56bfc062723c751e8b465ee728b)  -> (artifact id: '722f35a899454f6dd0670e3287c122ab') in 0.022847 seconds 
  Import took 0.026399 seconds .

========================================================================
Received Import Request.
  Time since last request: 3.215515 seconds.
  path: Assets/Prefabs/Boss.prefab
  artifactKey: Guid(09e14c596e782a742829f1166838514d) Importer(815301076,1909f56bfc062723c751e8b465ee728b)
Start importing Assets/Prefabs/Boss.prefab using Guid(09e14c596e782a742829f1166838514d) Importer(815301076,1909f56bfc062723c751e8b465ee728b)  -> (artifact id: '70089588b686bd2c3dda9bbb68cc3a18') in 0.014282 seconds 
  Import took 0.017694 seconds .

========================================================================
Received Import Request.
  Time since last request: 5.728204 seconds.
  path: Assets/Prefabs/Boss.prefab
  artifactKey: Guid(09e14c596e782a742829f1166838514d) Importer(815301076,1909f56bfc062723c751e8b465ee728b)
Start importing Assets/Prefabs/Boss.prefab using Guid(09e14c596e782a742829f1166838514d) Importer(815301076,1909f56bfc062723c751e8b465ee728b)  -> (artifact id: '14239bfc78004115976f01306fdf2854') in 0.021379 seconds 
  Import took 0.026524 seconds .

========================================================================
Received Import Request.
  Time since last request: 2.992537 seconds.
  path: Assets/Prefabs/Boss.prefab
  artifactKey: Guid(09e14c596e782a742829f1166838514d) Importer(815301076,1909f56bfc062723c751e8b465ee728b)
Start importing Assets/Prefabs/Boss.prefab using Guid(09e14c596e782a742829f1166838514d) Importer(815301076,1909f56bfc062723c751e8b465ee728b)  -> (artifact id: '0b0b5a426937e8055eff87b8417462e9') in 0.012843 seconds 
  Import took 0.016531 seconds .

========================================================================
Received Prepare
Refreshing native plugins compatible for Editor in 3.08 ms, found 3 plugins.
Preloading 0 native plugins for Editor in 0.00 ms.
Unloading 18 Unused Serialized files (Serialized files now loaded: 0)
System memory in use before: 55.8 MB.
System memory in use after: 55.8 MB.

Unloading 18 unused Assets to reduce memory usage. Loaded Objects now: 2547.
Total: 2.355500 ms (FindLiveObjects: 0.198100 ms CreateObjectMapping: 0.080300 ms MarkObjects: 1.993600 ms  DeleteObjects: 0.082700 ms)

AssetImportParameters requested are different than current active one (requested -> active):
  custom:framework-win-MediaFoundation: 216162199b28c13a410421893ffa2e32 -> 
  custom:video-decoder-ogg-theora: a1e56fd34408186e4bbccfd4996cb3dc -> 
  custom:container-muxer-webm: aa71ff27fc2769a1b78a27578f13a17b -> 
  custom:container-demuxer-webm: 4f35f7cbe854078d1ac9338744f61a02 -> 
  custom:container-demuxer-ogg: 62fdf1f143b41e24485cea50d1cbac27 -> 
  custom:video-encoder-webm-vp8: eb34c28f22e8b96e1ab97ce403110664 -> 
  custom:video-decoder-webm-vp8: 9c59270c3fd7afecdb556c50c9e8de78 -> 
  custom:audio-decoder-ogg-vorbis: bf7c407c2cedff20999df2af8eb42d56 -> 
  custom:audio-encoder-webm-vorbis: bf7c407c2cedff20999df2af8eb42d56 -> 
========================================================================
Received Import Request.
  Time since last request: 78.136566 seconds.
  path: Assets/Prefabs/Boss.prefab
  artifactKey: Guid(09e14c596e782a742829f1166838514d) Importer(815301076,1909f56bfc062723c751e8b465ee728b)
Start importing Assets/Prefabs/Boss.prefab using Guid(09e14c596e782a742829f1166838514d) Importer(815301076,1909f56bfc062723c751e8b465ee728b)  -> (artifact id: '0424a1348e3d6bea6bb09c3b7624bec9') in 0.012935 seconds 
  Import took 0.018030 seconds .

========================================================================
Received Import Request.
  Time since last request: 9.842379 seconds.
  path: Assets/Prefabs/Boss.prefab
  artifactKey: Guid(09e14c596e782a742829f1166838514d) Importer(815301076,1909f56bfc062723c751e8b465ee728b)
Start importing Assets/Prefabs/Boss.prefab using Guid(09e14c596e782a742829f1166838514d) Importer(815301076,1909f56bfc062723c751e8b465ee728b)  -> (artifact id: '25f744cf928daa89a45d1bc3b7b36ee8') in 0.011683 seconds 
  Import took 0.015883 seconds .

========================================================================
Received Import Request.
  Time since last request: 8.156624 seconds.
  path: Assets/Prefabs/Boss.prefab
  artifactKey: Guid(09e14c596e782a742829f1166838514d) Importer(815301076,1909f56bfc062723c751e8b465ee728b)
Start importing Assets/Prefabs/Boss.prefab using Guid(09e14c596e782a742829f1166838514d) Importer(815301076,1909f56bfc062723c751e8b465ee728b)  -> (artifact id: '19c46f6bfe24347169d298412d449fef') in 0.020951 seconds 
  Import took 0.028921 seconds .

========================================================================
Received Import Request.
  Time since last request: 1.164397 seconds.
  path: Assets/Prefabs/Boss.prefab
  artifactKey: Guid(09e14c596e782a742829f1166838514d) Importer(815301076,1909f56bfc062723c751e8b465ee728b)
Start importing Assets/Prefabs/Boss.prefab using Guid(09e14c596e782a742829f1166838514d) Importer(815301076,1909f56bfc062723c751e8b465ee728b)  -> (artifact id: '82431c769e47dc8fd1018cccee81ef5b') in 0.011596 seconds 
  Import took 0.014722 seconds .

========================================================================
Received Import Request.
  Time since last request: 1.400493 seconds.
  path: Assets/Prefabs/Boss.prefab
  artifactKey: Guid(09e14c596e782a742829f1166838514d) Importer(815301076,1909f56bfc062723c751e8b465ee728b)
Start importing Assets/Prefabs/Boss.prefab using Guid(09e14c596e782a742829f1166838514d) Importer(815301076,1909f56bfc062723c751e8b465ee728b)  -> (artifact id: '44ab0fbb7e8adafe04e6e0119eade352') in 0.009295 seconds 
  Import took 0.012972 seconds .

========================================================================
Received Import Request.
  Time since last request: 98.033519 seconds.
  path: Assets/Prefabs/Boss.prefab
  artifactKey: Guid(09e14c596e782a742829f1166838514d) Importer(815301076,1909f56bfc062723c751e8b465ee728b)
Start importing Assets/Prefabs/Boss.prefab using Guid(09e14c596e782a742829f1166838514d) Importer(815301076,1909f56bfc062723c751e8b465ee728b)  -> (artifact id: 'e43f3c0eeba07a9ddc5113fbe2f1a970') in 0.011400 seconds 
  Import took 0.015247 seconds .

========================================================================
Received Import Request.
  Time since last request: 7.620891 seconds.
  path: Assets/Prefabs/Boss.prefab
  artifactKey: Guid(09e14c596e782a742829f1166838514d) Importer(815301076,1909f56bfc062723c751e8b465ee728b)
Start importing Assets/Prefabs/Boss.prefab using Guid(09e14c596e782a742829f1166838514d) Importer(815301076,1909f56bfc062723c751e8b465ee728b)  -> (artifact id: 'c660e86b80bb4b5907a07270c955a96c') in 0.008010 seconds 
  Import took 0.011325 seconds .

========================================================================
Received Import Request.
  Time since last request: 6.843351 seconds.
  path: Assets/Prefabs/Boss.prefab
  artifactKey: Guid(09e14c596e782a742829f1166838514d) Importer(815301076,1909f56bfc062723c751e8b465ee728b)
Start importing Assets/Prefabs/Boss.prefab using Guid(09e14c596e782a742829f1166838514d) Importer(815301076,1909f56bfc062723c751e8b465ee728b)  -> (artifact id: '0fee75abcc28fd60199bfd361f5b5245') in 0.011848 seconds 
  Import took 0.015105 seconds .

========================================================================
Received Prepare
Registering precompiled user dll's ...
Registered in 0.002920 seconds.
Begin MonoManager ReloadAssembly
Native extension for WindowsStandalone target not found
Refreshing native plugins compatible for Editor in 0.39 ms, found 3 plugins.
Preloading 0 native plugins for Editor in 0.00 ms.
Mono: successfully reloaded assembly
- Completed reload, in  0.860 seconds
Domain Reload Profiling:
	ReloadAssembly (861ms)
		BeginReloadAssembly (93ms)
			ExecutionOrderSort (0ms)
			DisableScriptedObjects (5ms)
			BackupInstance (0ms)
			ReleaseScriptingObjects (0ms)
			CreateAndSetChildDomain (31ms)
		EndReloadAssembly (714ms)
			LoadAssemblies (74ms)
			RebuildTransferFunctionScriptingTraits (0ms)
			SetupTypeCache (282ms)
			ReleaseScriptCaches (1ms)
			RebuildScriptCaches (35ms)
			SetupLoadedEditorAssemblies (238ms)
				LogAssemblyErrors (0ms)
				InitializePlatformSupportModulesInManaged (4ms)
				SetLoadedEditorAssemblies (0ms)
				RefreshPlugins (0ms)
				BeforeProcessingInitializeOnLoad (45ms)
				ProcessInitializeOnLoadAttributes (179ms)
				ProcessInitializeOnLoadMethodAttributes (5ms)
				AfterProcessingInitializeOnLoad (4ms)
				EditorAssembliesLoaded (0ms)
			ExecutionOrderSort2 (0ms)
			AwakeInstancesAfterBackupRestoration (8ms)
Platform modules already initialized, skipping
Refreshing native plugins compatible for Editor in 0.38 ms, found 3 plugins.
Preloading 0 native plugins for Editor in 0.00 ms.
Unloading 2089 Unused Serialized files (Serialized files now loaded: 0)
System memory in use before: 96.5 MB.
System memory in use after: 96.5 MB.

Unloading 20 unused Assets to reduce memory usage. Loaded Objects now: 2551.
Total: 1.864300 ms (FindLiveObjects: 0.170600 ms CreateObjectMapping: 0.066500 ms MarkObjects: 1.550300 ms  DeleteObjects: 0.076000 ms)

AssetImportParameters requested are different than current active one (requested -> active):
  custom:framework-win-MediaFoundation: 216162199b28c13a410421893ffa2e32 -> 
  custom:video-decoder-ogg-theora: a1e56fd34408186e4bbccfd4996cb3dc -> 
  custom:container-muxer-webm: aa71ff27fc2769a1b78a27578f13a17b -> 
  custom:container-demuxer-webm: 4f35f7cbe854078d1ac9338744f61a02 -> 
  custom:container-demuxer-ogg: 62fdf1f143b41e24485cea50d1cbac27 -> 
  custom:video-encoder-webm-vp8: eb34c28f22e8b96e1ab97ce403110664 -> 
  custom:video-decoder-webm-vp8: 9c59270c3fd7afecdb556c50c9e8de78 -> 
  custom:audio-decoder-ogg-vorbis: bf7c407c2cedff20999df2af8eb42d56 -> 
  custom:audio-encoder-webm-vorbis: bf7c407c2cedff20999df2af8eb42d56 -> 
========================================================================
Received Prepare
Refreshing native plugins compatible for Editor in 3.16 ms, found 3 plugins.
Preloading 0 native plugins for Editor in 0.00 ms.
Unloading 18 Unused Serialized files (Serialized files now loaded: 0)
System memory in use before: 55.6 MB.
System memory in use after: 55.6 MB.

Unloading 18 unused Assets to reduce memory usage. Loaded Objects now: 2551.
Total: 2.026900 ms (FindLiveObjects: 0.156200 ms CreateObjectMapping: 0.068700 ms MarkObjects: 1.731100 ms  DeleteObjects: 0.069600 ms)

AssetImportParameters requested are different than current active one (requested -> active):
  custom:framework-win-MediaFoundation: 216162199b28c13a410421893ffa2e32 -> 
  custom:video-decoder-ogg-theora: a1e56fd34408186e4bbccfd4996cb3dc -> 
  custom:container-muxer-webm: aa71ff27fc2769a1b78a27578f13a17b -> 
  custom:container-demuxer-webm: 4f35f7cbe854078d1ac9338744f61a02 -> 
  custom:container-demuxer-ogg: 62fdf1f143b41e24485cea50d1cbac27 -> 
  custom:video-encoder-webm-vp8: eb34c28f22e8b96e1ab97ce403110664 -> 
  custom:video-decoder-webm-vp8: 9c59270c3fd7afecdb556c50c9e8de78 -> 
  custom:audio-decoder-ogg-vorbis: bf7c407c2cedff20999df2af8eb42d56 -> 
  custom:audio-encoder-webm-vorbis: bf7c407c2cedff20999df2af8eb42d56 -> 
========================================================================
Received Import Request.
  Time since last request: 254.281774 seconds.
  path: Assets/Prefabs/Boss.prefab
  artifactKey: Guid(09e14c596e782a742829f1166838514d) Importer(815301076,1909f56bfc062723c751e8b465ee728b)
Start importing Assets/Prefabs/Boss.prefab using Guid(09e14c596e782a742829f1166838514d) Importer(815301076,1909f56bfc062723c751e8b465ee728b)  -> (artifact id: 'e4eb5f1e0860f473f57700f63f7f92c3') in 0.043455 seconds 
  Import took 0.051795 seconds .

========================================================================
Received Import Request.
  Time since last request: 7.917185 seconds.
  path: Assets/Prefabs/Boss.prefab
  artifactKey: Guid(09e14c596e782a742829f1166838514d) Importer(815301076,1909f56bfc062723c751e8b465ee728b)
Start importing Assets/Prefabs/Boss.prefab using Guid(09e14c596e782a742829f1166838514d) Importer(815301076,1909f56bfc062723c751e8b465ee728b)  -> (artifact id: 'c83cf05eb556c06a52f5083a126edb86') in 0.010555 seconds 
  Import took 0.013657 seconds .

========================================================================
Received Prepare
Refreshing native plugins compatible for Editor in 3.28 ms, found 3 plugins.
Preloading 0 native plugins for Editor in 0.00 ms.
Unloading 18 Unused Serialized files (Serialized files now loaded: 0)
System memory in use before: 55.7 MB.
System memory in use after: 55.7 MB.

Unloading 18 unused Assets to reduce memory usage. Loaded Objects now: 2552.
Total: 2.411700 ms (FindLiveObjects: 0.162900 ms CreateObjectMapping: 0.069700 ms MarkObjects: 2.094200 ms  DeleteObjects: 0.084000 ms)

AssetImportParameters requested are different than current active one (requested -> active):
  custom:framework-win-MediaFoundation: 216162199b28c13a410421893ffa2e32 -> 
  custom:video-decoder-ogg-theora: a1e56fd34408186e4bbccfd4996cb3dc -> 
  custom:container-muxer-webm: aa71ff27fc2769a1b78a27578f13a17b -> 
  custom:container-demuxer-webm: 4f35f7cbe854078d1ac9338744f61a02 -> 
  custom:container-demuxer-ogg: 62fdf1f143b41e24485cea50d1cbac27 -> 
  custom:video-encoder-webm-vp8: eb34c28f22e8b96e1ab97ce403110664 -> 
  custom:video-decoder-webm-vp8: 9c59270c3fd7afecdb556c50c9e8de78 -> 
  custom:audio-decoder-ogg-vorbis: bf7c407c2cedff20999df2af8eb42d56 -> 
  custom:audio-encoder-webm-vorbis: bf7c407c2cedff20999df2af8eb42d56 -> 
========================================================================
Received Prepare
Refreshing native plugins compatible for Editor in 2.79 ms, found 3 plugins.
Preloading 0 native plugins for Editor in 0.00 ms.
Unloading 18 Unused Serialized files (Serialized files now loaded: 0)
System memory in use before: 55.7 MB.
System memory in use after: 55.7 MB.

Unloading 18 unused Assets to reduce memory usage. Loaded Objects now: 2552.
Total: 2.247900 ms (FindLiveObjects: 0.183200 ms CreateObjectMapping: 0.076900 ms MarkObjects: 1.917300 ms  DeleteObjects: 0.069800 ms)

AssetImportParameters requested are different than current active one (requested -> active):
  custom:framework-win-MediaFoundation: 216162199b28c13a410421893ffa2e32 -> 
  custom:video-decoder-ogg-theora: a1e56fd34408186e4bbccfd4996cb3dc -> 
  custom:container-muxer-webm: aa71ff27fc2769a1b78a27578f13a17b -> 
  custom:container-demuxer-webm: 4f35f7cbe854078d1ac9338744f61a02 -> 
  custom:container-demuxer-ogg: 62fdf1f143b41e24485cea50d1cbac27 -> 
  custom:video-encoder-webm-vp8: eb34c28f22e8b96e1ab97ce403110664 -> 
  custom:video-decoder-webm-vp8: 9c59270c3fd7afecdb556c50c9e8de78 -> 
  custom:audio-decoder-ogg-vorbis: bf7c407c2cedff20999df2af8eb42d56 -> 
  custom:audio-encoder-webm-vorbis: bf7c407c2cedff20999df2af8eb42d56 -> 
========================================================================
Received Prepare
Refreshing native plugins compatible for Editor in 2.81 ms, found 3 plugins.
Preloading 0 native plugins for Editor in 0.00 ms.
Unloading 18 Unused Serialized files (Serialized files now loaded: 0)
System memory in use before: 55.7 MB.
System memory in use after: 55.7 MB.

Unloading 18 unused Assets to reduce memory usage. Loaded Objects now: 2552.
Total: 2.550700 ms (FindLiveObjects: 0.593800 ms CreateObjectMapping: 0.067200 ms MarkObjects: 1.816900 ms  DeleteObjects: 0.072000 ms)

AssetImportParameters requested are different than current active one (requested -> active):
  custom:framework-win-MediaFoundation: 216162199b28c13a410421893ffa2e32 -> 
  custom:video-decoder-ogg-theora: a1e56fd34408186e4bbccfd4996cb3dc -> 
  custom:container-muxer-webm: aa71ff27fc2769a1b78a27578f13a17b -> 
  custom:container-demuxer-webm: 4f35f7cbe854078d1ac9338744f61a02 -> 
  custom:container-demuxer-ogg: 62fdf1f143b41e24485cea50d1cbac27 -> 
  custom:video-encoder-webm-vp8: eb34c28f22e8b96e1ab97ce403110664 -> 
  custom:video-decoder-webm-vp8: 9c59270c3fd7afecdb556c50c9e8de78 -> 
  custom:audio-decoder-ogg-vorbis: bf7c407c2cedff20999df2af8eb42d56 -> 
  custom:audio-encoder-webm-vorbis: bf7c407c2cedff20999df2af8eb42d56 -> 
========================================================================
Received Prepare
Registering precompiled user dll's ...
Registered in 0.003108 seconds.
Begin MonoManager ReloadAssembly
Native extension for WindowsStandalone target not found
Refreshing native plugins compatible for Editor in 0.39 ms, found 3 plugins.
Preloading 0 native plugins for Editor in 0.00 ms.
Mono: successfully reloaded assembly
- Completed reload, in  0.827 seconds
Domain Reload Profiling:
	ReloadAssembly (827ms)
		BeginReloadAssembly (97ms)
			ExecutionOrderSort (0ms)
			DisableScriptedObjects (5ms)
			BackupInstance (0ms)
			ReleaseScriptingObjects (0ms)
			CreateAndSetChildDomain (32ms)
		EndReloadAssembly (679ms)
			LoadAssemblies (72ms)
			RebuildTransferFunctionScriptingTraits (0ms)
			SetupTypeCache (248ms)
			ReleaseScriptCaches (1ms)
			RebuildScriptCaches (35ms)
			SetupLoadedEditorAssemblies (236ms)
				LogAssemblyErrors (0ms)
				InitializePlatformSupportModulesInManaged (4ms)
				SetLoadedEditorAssemblies (0ms)
				RefreshPlugins (0ms)
				BeforeProcessingInitializeOnLoad (45ms)
				ProcessInitializeOnLoadAttributes (178ms)
				ProcessInitializeOnLoadMethodAttributes (5ms)
				AfterProcessingInitializeOnLoad (4ms)
				EditorAssembliesLoaded (0ms)
			ExecutionOrderSort2 (0ms)
			AwakeInstancesAfterBackupRestoration (8ms)
Platform modules already initialized, skipping
Refreshing native plugins compatible for Editor in 0.40 ms, found 3 plugins.
Preloading 0 native plugins for Editor in 0.00 ms.
Unloading 2090 Unused Serialized files (Serialized files now loaded: 0)
System memory in use before: 96.6 MB.
System memory in use after: 96.6 MB.

Unloading 20 unused Assets to reduce memory usage. Loaded Objects now: 2557.
Total: 2.366700 ms (FindLiveObjects: 0.153800 ms CreateObjectMapping: 0.062500 ms MarkObjects: 2.075600 ms  DeleteObjects: 0.074200 ms)

AssetImportParameters requested are different than current active one (requested -> active):
  custom:framework-win-MediaFoundation: 216162199b28c13a410421893ffa2e32 -> 
  custom:video-decoder-ogg-theora: a1e56fd34408186e4bbccfd4996cb3dc -> 
  custom:container-muxer-webm: aa71ff27fc2769a1b78a27578f13a17b -> 
  custom:container-demuxer-webm: 4f35f7cbe854078d1ac9338744f61a02 -> 
  custom:container-demuxer-ogg: 62fdf1f143b41e24485cea50d1cbac27 -> 
  custom:video-encoder-webm-vp8: eb34c28f22e8b96e1ab97ce403110664 -> 
  custom:video-decoder-webm-vp8: 9c59270c3fd7afecdb556c50c9e8de78 -> 
  custom:audio-decoder-ogg-vorbis: bf7c407c2cedff20999df2af8eb42d56 -> 
  custom:audio-encoder-webm-vorbis: bf7c407c2cedff20999df2af8eb42d56 -> 
========================================================================
Received Import Request.
  Time since last request: 524.620402 seconds.
  path: Assets/josephsophia SDF.asset
  artifactKey: Guid(4e7008d44a55a8b409dd717476e01b0a) Importer(815301076,1909f56bfc062723c751e8b465ee728b)
Start importing Assets/josephsophia SDF.asset using Guid(4e7008d44a55a8b409dd717476e01b0a) Importer(815301076,1909f56bfc062723c751e8b465ee728b)  -> (artifact id: '8b604f0e43ebea61c4d172c120137960') in 0.095092 seconds 
  Import took 0.098360 seconds .

========================================================================
Received Import Request.
  Time since last request: 0.000266 seconds.
  path: Assets/download (3).png
  artifactKey: Guid(7324195f04095b744910e8d3203102a8) Importer(815301076,1909f56bfc062723c751e8b465ee728b)
Start importing Assets/download (3).png using Guid(7324195f04095b744910e8d3203102a8) Importer(815301076,1909f56bfc062723c751e8b465ee728b)  -> (artifact id: '197aa7d0feb661b2f783c96414661b06') in 0.057086 seconds 
  Import took 0.059786 seconds .

========================================================================
Received Import Request.
  Time since last request: 0.000181 seconds.
  path: Assets/josephsophia.otf
  artifactKey: Guid(34f06fe75ce749f41866950c9f66cdeb) Importer(815301076,1909f56bfc062723c751e8b465ee728b)
Start importing Assets/josephsophia.otf using Guid(34f06fe75ce749f41866950c9f66cdeb) Importer(815301076,1909f56bfc062723c751e8b465ee728b)  -> (artifact id: 'bc4492ed613be0da10c6d65573d7386d') in 0.026949 seconds 
  Import took 0.029607 seconds .

========================================================================
Received Import Request.
  Time since last request: 0.000212 seconds.
  path: Assets/TokyoGeishaDEMO-Regular.otf
  artifactKey: Guid(61b19d2c735a85b49bcef1904c4012b6) Importer(815301076,1909f56bfc062723c751e8b465ee728b)
Start importing Assets/TokyoGeishaDEMO-Regular.otf using Guid(61b19d2c735a85b49bcef1904c4012b6) Importer(815301076,1909f56bfc062723c751e8b465ee728b)  -> (artifact id: 'ebac0984a546f1f964f21cfb18cb0f0b') in 0.012747 seconds 
  Import took 0.015811 seconds .

========================================================================
Received Import Request.
  Time since last request: 0.000211 seconds.
  path: Assets/TokyoGeishaDEMO-Regular SDF.asset
  artifactKey: Guid(15ebf3eb5ac2b20458951a15b32eaf58) Importer(815301076,1909f56bfc062723c751e8b465ee728b)
Start importing Assets/TokyoGeishaDEMO-Regular SDF.asset using Guid(15ebf3eb5ac2b20458951a15b32eaf58) Importer(815301076,1909f56bfc062723c751e8b465ee728b)  -> (artifact id: '40cc12b840a7134394bbbdc451ff527c') in 0.025913 seconds 
  Import took 0.029002 seconds .

========================================================================
Received Prepare
Registering precompiled user dll's ...
Registered in 0.002933 seconds.
Begin MonoManager ReloadAssembly
Native extension for WindowsStandalone target not found
Refreshing native plugins compatible for Editor in 0.39 ms, found 3 plugins.
Preloading 0 native plugins for Editor in 0.00 ms.
Mono: successfully reloaded assembly
- Completed reload, in  0.850 seconds
Domain Reload Profiling:
	ReloadAssembly (851ms)
		BeginReloadAssembly (104ms)
			ExecutionOrderSort (0ms)
			DisableScriptedObjects (5ms)
			BackupInstance (0ms)
			ReleaseScriptingObjects (0ms)
			CreateAndSetChildDomain (30ms)
		EndReloadAssembly (696ms)
			LoadAssemblies (76ms)
			RebuildTransferFunctionScriptingTraits (0ms)
			SetupTypeCache (268ms)
			ReleaseScriptCaches (1ms)
			RebuildScriptCaches (36ms)
			SetupLoadedEditorAssemblies (234ms)
				LogAssemblyErrors (0ms)
				InitializePlatformSupportModulesInManaged (4ms)
				SetLoadedEditorAssemblies (0ms)
				RefreshPlugins (0ms)
				BeforeProcessingInitializeOnLoad (46ms)
				ProcessInitializeOnLoadAttributes (174ms)
				ProcessInitializeOnLoadMethodAttributes (5ms)
				AfterProcessingInitializeOnLoad (4ms)
				EditorAssembliesLoaded (0ms)
			ExecutionOrderSort2 (0ms)
			AwakeInstancesAfterBackupRestoration (8ms)
Platform modules already initialized, skipping
Refreshing native plugins compatible for Editor in 0.39 ms, found 3 plugins.
Preloading 0 native plugins for Editor in 0.00 ms.
Unloading 2090 Unused Serialized files (Serialized files now loaded: 0)
System memory in use before: 96.9 MB.
System memory in use after: 97.0 MB.

Unloading 20 unused Assets to reduce memory usage. Loaded Objects now: 2602.
Total: 2.402900 ms (FindLiveObjects: 0.187500 ms CreateObjectMapping: 0.060500 ms MarkObjects: 2.084800 ms  DeleteObjects: 0.069200 ms)

AssetImportParameters requested are different than current active one (requested -> active):
  custom:framework-win-MediaFoundation: 216162199b28c13a410421893ffa2e32 -> 
  custom:video-decoder-ogg-theora: a1e56fd34408186e4bbccfd4996cb3dc -> 
  custom:container-muxer-webm: aa71ff27fc2769a1b78a27578f13a17b -> 
  custom:container-demuxer-webm: 4f35f7cbe854078d1ac9338744f61a02 -> 
  custom:container-demuxer-ogg: 62fdf1f143b41e24485cea50d1cbac27 -> 
  custom:video-encoder-webm-vp8: eb34c28f22e8b96e1ab97ce403110664 -> 
  custom:video-decoder-webm-vp8: 9c59270c3fd7afecdb556c50c9e8de78 -> 
  custom:audio-decoder-ogg-vorbis: bf7c407c2cedff20999df2af8eb42d56 -> 
  custom:audio-encoder-webm-vorbis: bf7c407c2cedff20999df2af8eb42d56 -> 
========================================================================
Received Import Request.
  Time since last request: 39.026316 seconds.
  path: Assets/Scenes/download (2).png
  artifactKey: Guid(ddd1e2cfcfb87c4479162376cceab7bf) Importer(815301076,1909f56bfc062723c751e8b465ee728b)
Start importing Assets/Scenes/download (2).png using Guid(ddd1e2cfcfb87c4479162376cceab7bf) Importer(815301076,1909f56bfc062723c751e8b465ee728b)  -> (artifact id: 'e7417969df80bf5cee4cb2350e32f9a1') in 0.042233 seconds 
  Import took 0.045746 seconds .

========================================================================
Received Import Request.
  Time since last request: 0.000268 seconds.
  path: Assets/Scenes/image.png
  artifactKey: Guid(ab0fd7e098e81f540bfceef2ba6595cf) Importer(815301076,1909f56bfc062723c751e8b465ee728b)
Start importing Assets/Scenes/image.png using Guid(ab0fd7e098e81f540bfceef2ba6595cf) Importer(815301076,1909f56bfc062723c751e8b465ee728b)  -> (artifact id: '0b12b0021f7ec837cf90840e5459fbcf') in 0.018374 seconds 
  Import took 0.021083 seconds .

========================================================================
Received Import Request.
  Time since last request: 13.370202 seconds.
  path: Assets/Scenes/lose.unity
  artifactKey: Guid(f3b8dd3aa0eaaab428e7085e8c42f221) Importer(815301076,1909f56bfc062723c751e8b465ee728b)
Start importing Assets/Scenes/lose.unity using Guid(f3b8dd3aa0eaaab428e7085e8c42f221) Importer(815301076,1909f56bfc062723c751e8b465ee728b)  -> (artifact id: '1a0bb79f39b2b720cb9ffaa8bda3908e') in 0.006233 seconds 
  Import took 0.009186 seconds .

========================================================================
Received Import Request.
  Time since last request: 50.510466 seconds.
  path: Assets/TextMesh Pro/Fonts
  artifactKey: Guid(6ab70aee4d56447429c680537fbf93ed) Importer(815301076,1909f56bfc062723c751e8b465ee728b)
Start importing Assets/TextMesh Pro/Fonts using Guid(6ab70aee4d56447429c680537fbf93ed) Importer(815301076,1909f56bfc062723c751e8b465ee728b)  -> (artifact id: 'c860dfdf0522eec1202f36843e52d436') in 0.006884 seconds 
  Import took 0.010515 seconds .

========================================================================
Received Import Request.
  Time since last request: 0.096227 seconds.
  path: Assets/TextMesh Pro/Fonts/LiberationSans.ttf
  artifactKey: Guid(e3265ab4bf004d28a9537516768c1c75) Importer(815301076,1909f56bfc062723c751e8b465ee728b)
Start importing Assets/TextMesh Pro/Fonts/LiberationSans.ttf using Guid(e3265ab4bf004d28a9537516768c1c75) Importer(815301076,1909f56bfc062723c751e8b465ee728b)  -> (artifact id: 'bdddd331c3f1b7826858a8d92db67e39') in 0.029964 seconds 
  Import took 0.033104 seconds .

========================================================================
Received Import Request.
  Time since last request: 43.336088 seconds.
  path: Assets/Scenes/start.unity
  artifactKey: Guid(133b1f380721e2a4c94b563f7d2bcbbd) Importer(815301076,1909f56bfc062723c751e8b465ee728b)
Start importing Assets/Scenes/start.unity using Guid(133b1f380721e2a4c94b563f7d2bcbbd) Importer(815301076,1909f56bfc062723c751e8b465ee728b)  -> (artifact id: 'b75f141dbacf04bff533cc28b0a02ae0') in 0.005667 seconds 
  Import took 0.009343 seconds .

========================================================================
Received Import Request.
  Time since last request: 4.448066 seconds.
  path: Assets/Scenes/win.unity
  artifactKey: Guid(788386861912ac443acd336fc89a3211) Importer(815301076,1909f56bfc062723c751e8b465ee728b)
Start importing Assets/Scenes/win.unity using Guid(788386861912ac443acd336fc89a3211) Importer(815301076,1909f56bfc062723c751e8b465ee728b)  -> (artifact id: '2b5065b366e0ef2dcda2f59aadb77fc9') in 0.005899 seconds 
  Import took 0.008896 seconds .

========================================================================
Received Import Request.
  Time since last request: 4.792622 seconds.
  path: Assets/Scenes/Game.unity
  artifactKey: Guid(cef596fcd216291478dd8c66832552d5) Importer(815301076,1909f56bfc062723c751e8b465ee728b)
Start importing Assets/Scenes/Game.unity using Guid(cef596fcd216291478dd8c66832552d5) Importer(815301076,1909f56bfc062723c751e8b465ee728b)  -> (artifact id: '0cc7b4800b58c23ebd86546833230ee9') in 0.012253 seconds 
  Import took 0.015910 seconds .

AssetImportWorkerClient::OnTransportError - code=2 error=End of file
